<?xml version="1.0" encoding="UTF-8"?>
<!-- Generated by org.testng.reporters.JUnitReportReporter -->
<testsuite hostname="DESKTOP-N00CFO2" failures="0" tests="1" name="com.capstone.medicare.Medicareproject.LOGINUSER" time="34.060" errors="0" timestamp="2023-09-15T15:34:45 IST" skipped="0">
  <testcase classname="com.capstone.medicare.Medicareproject.LOGINUSER" name="LOGINUSERPROFILE" time="34.060"/>
</testsuite> <!-- com.capstone.medicare.Medicareproject.LOGINUSER -->
