<?xml version="1.0" encoding="UTF-8"?>
<!-- Generated by org.testng.reporters.JUnitReportReporter -->
<testsuite hostname="DESKTOP-N00CFO2" failures="0" tests="1" name="com.capstone.medicare.Medicareproject.loginsupplier" time="16.518" errors="0" timestamp="2023-09-08T16:50:22 IST" skipped="0">
  <testcase classname="com.capstone.medicare.Medicareproject.loginsupplier" name="test2" time="16.518"/>
  <system-out/>
</testsuite> <!-- com.capstone.medicare.Medicareproject.loginsupplier -->
