<?xml version="1.0" encoding="UTF-8"?>
<!-- Generated by org.testng.reporters.JUnitReportReporter -->
<testsuite hostname="DESKTOP-N00CFO2" failures="0" tests="1" name="com.capstone.medicare.Medicareproject.LOGINUSER" time="20.400" errors="0" timestamp="2023-09-14T16:02:13 IST" skipped="0">
  <testcase classname="com.capstone.medicare.Medicareproject.LOGINUSER" name="LOGINUSERPROFILE" time="20.400"/>
</testsuite> <!-- com.capstone.medicare.Medicareproject.LOGINUSER -->
