<?xml version="1.0" encoding="UTF-8"?>
<!-- Generated by org.testng.reporters.JUnitReportReporter -->
<testsuite hostname="DESKTOP-N00CFO2" failures="0" tests="1" name="com.capstone.medicare.Medicareproject.LOGINSUPPLIERPROJECT" time="12.911" errors="0" timestamp="2023-09-14T16:27:34 IST" skipped="0">
  <testcase classname="com.capstone.medicare.Medicareproject.LOGINSUPPLIERPROJECT" name="LOGINUSERPROFILE" time="12.911"/>
</testsuite> <!-- com.capstone.medicare.Medicareproject.LOGINSUPPLIERPROJECT -->
